# JRE version: OpenJDK Runtime Environment Temurin-21.0.5+11 (21.0.5+11) (build 21.0.5+11-LTS)
# Java VM: OpenJDK 64-Bit Server VM Temurin-21.0.5+11 (21.0.5+11-LTS, mixed mode, sharing, tiered, compressed oops, compressed class ptrs, parallel gc, windows-amd64)
GC Precious Log:
 CardTable entry size: 512
 CPUs: 8 total, 8 available
 Memory: 7865M
 Large Page Support: Disabled
 NUMA Support: Disabled
 Compressed Oops: Enabled (32-bit)
 Alignments: Space 512K, Generation 512K, Heap 2M
 Heap Min Capacity: 100M
 Heap Initial Capacity: 100M
 Heap Max Capacity: 1G
 Pre-touch: Disabled
 Parallel Workers: 8
Heap:
 PSYoungGen      total 15360K, used 9954K [0x00000000eab00000, 0x00000000ec400000, 0x0000000100000000)
  eden space 12800K, 57% used [0x00000000eab00000,0x00000000eb23e8f0,0x00000000eb780000)
  from space 2560K, 99% used [0x00000000ebd00000,0x00000000ebf7a958,0x00000000ebf80000)
  to   space 5632K, 0% used [0x00000000eb780000,0x00000000eb780000,0x00000000ebd00000)
 ParOldGen       total 184320K, used 184017K [0x00000000c0000000, 0x00000000cb400000, 0x00000000eab00000)
  object space 184320K, 99% used [0x00000000c0000000,0x00000000cb3b4540,0x00000000cb400000)
 Metaspace       used 56131K, committed 57408K, reserved 1114112K
  class space    used 6287K, committed 6848K, reserved 1048576K
GC Heap History (20 events):
Event: 11.208 GC heap before
{Heap before GC invocations=75 (full 2):
 PSYoungGen      total 20992K, used 20577K [0x00000000eab00000, 0x00000000ec800000, 0x0000000100000000)
  eden space 15360K, 100% used [0x00000000eab00000,0x00000000eba00000,0x00000000eba00000)
  from space 5632K, 92% used [0x00000000ec280000,0x00000000ec798548,0x00000000ec800000)
  to   space 6144K, 0% used [0x00000000ebc00000,0x00000000ebc00000,0x00000000ec200000)
 ParOldGen       total 153600K, used 153565K [0x00000000c0000000, 0x00000000c9600000, 0x00000000eab00000)
  object space 153600K, 99% used [0x00000000c0000000,0x00000000c95f7670,0x00000000c9600000)
 Metaspace       used 53189K, committed 54464K, reserved 1114112K
  class space    used 5791K, committed 6336K, reserved 1048576K
}
Event: 11.215 GC heap after
{Heap after GC invocations=75 (full 2):
 PSYoungGen      total 18944K, used 3273K [0x00000000eab00000, 0x00000000ec300000, 0x0000000100000000)
  eden space 15360K, 0% used [0x00000000eab00000,0x00000000eab00000,0x00000000eba00000)
  from space 3584K, 91% used [0x00000000ebc00000,0x00000000ebf32680,0x00000000ebf80000)
  to   space 3584K, 0% used [0x00000000ebf80000,0x00000000ebf80000,0x00000000ec300000)
 ParOldGen       total 158720K, used 158620K [0x00000000c0000000, 0x00000000c9b00000, 0x00000000eab00000)
  object space 158720K, 99% used [0x00000000c0000000,0x00000000c9ae7348,0x00000000c9b00000)
 Metaspace       used 53189K, committed 54464K, reserved 1114112K
  class space    used 5791K, committed 6336K, reserved 1048576K
}
Event: 11.255 GC heap before
{Heap before GC invocations=76 (full 2):
 PSYoungGen      total 18944K, used 18633K [0x00000000eab00000, 0x00000000ec300000, 0x0000000100000000)
  eden space 15360K, 100% used [0x00000000eab00000,0x00000000eba00000,0x00000000eba00000)
  from space 3584K, 91% used [0x00000000ebc00000,0x00000000ebf32680,0x00000000ebf80000)
  to   space 3584K, 0% used [0x00000000ebf80000,0x00000000ebf80000,0x00000000ec300000)
 ParOldGen       total 158720K, used 158620K [0x00000000c0000000, 0x00000000c9b00000, 0x00000000eab00000)
  object space 158720K, 99% used [0x00000000c0000000,0x00000000c9ae7348,0x00000000c9b00000)
 Metaspace       used 53319K, committed 54528K, reserved 1114112K
  class space    used 5825K, committed 6336K, reserved 1048576K
}
Event: 11.259 GC heap after
{Heap after GC invocations=76 (full 2):
 PSYoungGen      total 18944K, used 3163K [0x00000000eab00000, 0x00000000ec300000, 0x0000000100000000)
  eden space 15360K, 0% used [0x00000000eab00000,0x00000000eab00000,0x00000000eba00000)
  from space 3584K, 88% used [0x00000000ebf80000,0x00000000ec296ee8,0x00000000ec300000)
  to   space 3584K, 0% used [0x00000000ebc00000,0x00000000ebc00000,0x00000000ebf80000)
 ParOldGen       total 161792K, used 161649K [0x00000000c0000000, 0x00000000c9e00000, 0x00000000eab00000)
  object space 161792K, 99% used [0x00000000c0000000,0x00000000c9ddc538,0x00000000c9e00000)
 Metaspace       used 53319K, committed 54528K, reserved 1114112K
  class space    used 5825K, committed 6336K, reserved 1048576K
}
Event: 11.314 GC heap before
{Heap before GC invocations=77 (full 2):
 PSYoungGen      total 18944K, used 18523K [0x00000000eab00000, 0x00000000ec300000, 0x0000000100000000)
  eden space 15360K, 100% used [0x00000000eab00000,0x00000000eba00000,0x00000000eba00000)
  from space 3584K, 88% used [0x00000000ebf80000,0x00000000ec296ee8,0x00000000ec300000)
  to   space 3584K, 0% used [0x00000000ebc00000,0x00000000ebc00000,0x00000000ebf80000)
 ParOldGen       total 161792K, used 161649K [0x00000000c0000000, 0x00000000c9e00000, 0x00000000eab00000)
  object space 161792K, 99% used [0x00000000c0000000,0x00000000c9ddc538,0x00000000c9e00000)
 Metaspace       used 53489K, committed 54720K, reserved 1114112K
  class space    used 5862K, committed 6400K, reserved 1048576K
}
Event: 11.318 GC heap after
{Heap after GC invocations=77 (full 2):
 PSYoungGen      total 18944K, used 3137K [0x00000000eab00000, 0x00000000ec100000, 0x0000000100000000)
  eden space 15360K, 0% used [0x00000000eab00000,0x00000000eab00000,0x00000000eba00000)
  from space 3584K, 87% used [0x00000000ebc00000,0x00000000ebf104c8,0x00000000ebf80000)
  to   space 1536K, 0% used [0x00000000ebf80000,0x00000000ebf80000,0x00000000ec100000)
 ParOldGen       total 164864K, used 164607K [0x00000000c0000000, 0x00000000ca100000, 0x00000000eab00000)
  object space 164864K, 99% used [0x00000000c0000000,0x00000000ca0bffd8,0x00000000ca100000)
 Metaspace       used 53489K, committed 54720K, reserved 1114112K
  class space    used 5862K, committed 6400K, reserved 1048576K
}
Event: 11.377 GC heap before
{Heap before GC invocations=78 (full 2):
 PSYoungGen      total 18944K, used 18497K [0x00000000eab00000, 0x00000000ec100000, 0x0000000100000000)
  eden space 15360K, 100% used [0x00000000eab00000,0x00000000eba00000,0x00000000eba00000)
  from space 3584K, 87% used [0x00000000ebc00000,0x00000000ebf104c8,0x00000000ebf80000)
  to   space 1536K, 0% used [0x00000000ebf80000,0x00000000ebf80000,0x00000000ec100000)
 ParOldGen       total 164864K, used 164607K [0x00000000c0000000, 0x00000000ca100000, 0x00000000eab00000)
  object space 164864K, 99% used [0x00000000c0000000,0x00000000ca0bffd8,0x00000000ca100000)
 Metaspace       used 53721K, committed 54976K, reserved 1114112K
  class space    used 5908K, committed 6464K, reserved 1048576K
}
Event: 11.383 GC heap after
{Heap after GC invocations=78 (full 2):
 PSYoungGen      total 15872K, used 1520K [0x00000000eab00000, 0x00000000ec700000, 0x0000000100000000)
  eden space 14336K, 0% used [0x00000000eab00000,0x00000000eab00000,0x00000000eb900000)
  from space 1536K, 98% used [0x00000000ebf80000,0x00000000ec0fc010,0x00000000ec100000)
  to   space 6656K, 0% used [0x00000000eb900000,0x00000000eb900000,0x00000000ebf80000)
 ParOldGen       total 169472K, used 168987K [0x00000000c0000000, 0x00000000ca580000, 0x00000000eab00000)
  object space 169472K, 99% used [0x00000000c0000000,0x00000000ca506f78,0x00000000ca580000)
 Metaspace       used 53721K, committed 54976K, reserved 1114112K
  class space    used 5908K, committed 6464K, reserved 1048576K
}
Event: 11.437 GC heap before
{Heap before GC invocations=79 (full 2):
 PSYoungGen      total 15872K, used 15856K [0x00000000eab00000, 0x00000000ec700000, 0x0000000100000000)
  eden space 14336K, 100% used [0x00000000eab00000,0x00000000eb900000,0x00000000eb900000)
  from space 1536K, 98% used [0x00000000ebf80000,0x00000000ec0fc010,0x00000000ec100000)
  to   space 6656K, 0% used [0x00000000eb900000,0x00000000eb900000,0x00000000ebf80000)
 ParOldGen       total 169472K, used 168987K [0x00000000c0000000, 0x00000000ca580000, 0x00000000eab00000)
  object space 169472K, 99% used [0x00000000c0000000,0x00000000ca506f78,0x00000000ca580000)
 Metaspace       used 54000K, committed 55232K, reserved 1114112K
  class space    used 5954K, committed 6464K, reserved 1048576K
}
Event: 11.440 GC heap after
{Heap after GC invocations=79 (full 2):
 PSYoungGen      total 17408K, used 3065K [0x00000000eab00000, 0x00000000ec100000, 0x0000000100000000)
  eden space 14336K, 0% used [0x00000000eab00000,0x00000000eab00000,0x00000000eb900000)
  from space 3072K, 99% used [0x00000000eb900000,0x00000000ebbfe6f8,0x00000000ebc00000)
  to   space 4096K, 0% used [0x00000000ebd00000,0x00000000ebd00000,0x00000000ec100000)
 ParOldGen       total 170496K, used 170396K [0x00000000c0000000, 0x00000000ca680000, 0x00000000eab00000)
  object space 170496K, 99% used [0x00000000c0000000,0x00000000ca667228,0x00000000ca680000)
 Metaspace       used 54000K, committed 55232K, reserved 1114112K
  class space    used 5954K, committed 6464K, reserved 1048576K
}
Event: 11.492 GC heap before
{Heap before GC invocations=80 (full 2):
 PSYoungGen      total 17408K, used 17401K [0x00000000eab00000, 0x00000000ec100000, 0x0000000100000000)
  eden space 14336K, 100% used [0x00000000eab00000,0x00000000eb900000,0x00000000eb900000)
  from space 3072K, 99% used [0x00000000eb900000,0x00000000ebbfe6f8,0x00000000ebc00000)
  to   space 4096K, 0% used [0x00000000ebd00000,0x00000000ebd00000,0x00000000ec100000)
 ParOldGen       total 170496K, used 170396K [0x00000000c0000000, 0x00000000ca680000, 0x00000000eab00000)
  object space 170496K, 99% used [0x00000000c0000000,0x00000000ca667228,0x00000000ca680000)
 Metaspace       used 54373K, committed 55680K, reserved 1114112K
  class space    used 6018K, committed 6592K, reserved 1048576K
}
Event: 11.497 GC heap after
{Heap after GC invocations=80 (full 2):
 PSYoungGen      total 17408K, used 2722K [0x00000000eab00000, 0x00000000ec000000, 0x0000000100000000)
  eden space 14336K, 0% used [0x00000000eab00000,0x00000000eab00000,0x00000000eb900000)
  from space 3072K, 88% used [0x00000000ebd00000,0x00000000ebfa8998,0x00000000ec000000)
  to   space 3072K, 0% used [0x00000000eb900000,0x00000000eb900000,0x00000000ebc00000)
 ParOldGen       total 173568K, used 173275K [0x00000000c0000000, 0x00000000ca980000, 0x00000000eab00000)
  object space 173568K, 99% used [0x00000000c0000000,0x00000000ca936de8,0x00000000ca980000)
 Metaspace       used 54373K, committed 55680K, reserved 1114112K
  class space    used 6018K, committed 6592K, reserved 1048576K
}
Event: 11.537 GC heap before
{Heap before GC invocations=81 (full 2):
 PSYoungGen      total 17408K, used 17058K [0x00000000eab00000, 0x00000000ec000000, 0x0000000100000000)
  eden space 14336K, 100% used [0x00000000eab00000,0x00000000eb900000,0x00000000eb900000)
  from space 3072K, 88% used [0x00000000ebd00000,0x00000000ebfa8998,0x00000000ec000000)
  to   space 3072K, 0% used [0x00000000eb900000,0x00000000eb900000,0x00000000ebc00000)
 ParOldGen       total 173568K, used 173275K [0x00000000c0000000, 0x00000000ca980000, 0x00000000eab00000)
  object space 173568K, 99% used [0x00000000c0000000,0x00000000ca936de8,0x00000000ca980000)
 Metaspace       used 54730K, committed 56000K, reserved 1114112K
  class space    used 6061K, committed 6592K, reserved 1048576K
}
Event: 11.540 GC heap after
{Heap after GC invocations=81 (full 2):
 PSYoungGen      total 17408K, used 3051K [0x00000000eab00000, 0x00000000ec500000, 0x0000000100000000)
  eden space 14336K, 0% used [0x00000000eab00000,0x00000000eab00000,0x00000000eb900000)
  from space 3072K, 99% used [0x00000000eb900000,0x00000000ebbfae98,0x00000000ebc00000)
  to   space 6144K, 0% used [0x00000000ebf00000,0x00000000ebf00000,0x00000000ec500000)
 ParOldGen       total 176128K, used 175853K [0x00000000c0000000, 0x00000000cac00000, 0x00000000eab00000)
  object space 176128K, 99% used [0x00000000c0000000,0x00000000cabbb790,0x00000000cac00000)
 Metaspace       used 54730K, committed 56000K, reserved 1114112K
  class space    used 6061K, committed 6592K, reserved 1048576K
}
Event: 11.590 GC heap before
{Heap before GC invocations=82 (full 2):
 PSYoungGen      total 17408K, used 17387K [0x00000000eab00000, 0x00000000ec500000, 0x0000000100000000)
  eden space 14336K, 100% used [0x00000000eab00000,0x00000000eb900000,0x00000000eb900000)
  from space 3072K, 99% used [0x00000000eb900000,0x00000000ebbfae98,0x00000000ebc00000)
  to   space 6144K, 0% used [0x00000000ebf00000,0x00000000ebf00000,0x00000000ec500000)
 ParOldGen       total 176128K, used 175853K [0x00000000c0000000, 0x00000000cac00000, 0x00000000eab00000)
  object space 176128K, 99% used [0x00000000c0000000,0x00000000cabbb790,0x00000000cac00000)
 Metaspace       used 55075K, committed 56384K, reserved 1114112K
  class space    used 6113K, committed 6656K, reserved 1048576K
}
Event: 11.594 GC heap after
{Heap after GC invocations=82 (full 2):
 PSYoungGen      total 17408K, used 2841K [0x00000000eab00000, 0x00000000ec200000, 0x0000000100000000)
  eden space 14336K, 0% used [0x00000000eab00000,0x00000000eab00000,0x00000000eb900000)
  from space 3072K, 92% used [0x00000000ebf00000,0x00000000ec1c6438,0x00000000ec200000)
  to   space 4096K, 0% used [0x00000000eba00000,0x00000000eba00000,0x00000000ebe00000)
 ParOldGen       total 179200K, used 178691K [0x00000000c0000000, 0x00000000caf00000, 0x00000000eab00000)
  object space 179200K, 99% used [0x00000000c0000000,0x00000000cae80d28,0x00000000caf00000)
 Metaspace       used 55075K, committed 56384K, reserved 1114112K
  class space    used 6113K, committed 6656K, reserved 1048576K
}
Event: 11.671 GC heap before
{Heap before GC invocations=83 (full 2):
 PSYoungGen      total 17408K, used 17177K [0x00000000eab00000, 0x00000000ec200000, 0x0000000100000000)
  eden space 14336K, 100% used [0x00000000eab00000,0x00000000eb900000,0x00000000eb900000)
  from space 3072K, 92% used [0x00000000ebf00000,0x00000000ec1c6438,0x00000000ec200000)
  to   space 4096K, 0% used [0x00000000eba00000,0x00000000eba00000,0x00000000ebe00000)
 ParOldGen       total 179200K, used 178691K [0x00000000c0000000, 0x00000000caf00000, 0x00000000eab00000)
  object space 179200K, 99% used [0x00000000c0000000,0x00000000cae80d28,0x00000000caf00000)
 Metaspace       used 55505K, committed 56768K, reserved 1114112K
  class space    used 6179K, committed 6720K, reserved 1048576K
}
Event: 11.676 GC heap after
{Heap after GC invocations=83 (full 2):
 PSYoungGen      total 17408K, used 2794K [0x00000000eab00000, 0x00000000ebf80000, 0x0000000100000000)
  eden space 14336K, 0% used [0x00000000eab00000,0x00000000eab00000,0x00000000eb900000)
  from space 3072K, 90% used [0x00000000eba00000,0x00000000ebcba8a0,0x00000000ebd00000)
  to   space 2560K, 0% used [0x00000000ebd00000,0x00000000ebd00000,0x00000000ebf80000)
 ParOldGen       total 181760K, used 181361K [0x00000000c0000000, 0x00000000cb180000, 0x00000000eab00000)
  object space 181760K, 99% used [0x00000000c0000000,0x00000000cb11c480,0x00000000cb180000)
 Metaspace       used 55505K, committed 56768K, reserved 1114112K
  class space    used 6179K, committed 6720K, reserved 1048576K
}
Event: 11.765 GC heap before
{Heap before GC invocations=84 (full 2):
 PSYoungGen      total 17408K, used 17130K [0x00000000eab00000, 0x00000000ebf80000, 0x0000000100000000)
  eden space 14336K, 100% used [0x00000000eab00000,0x00000000eb900000,0x00000000eb900000)
  from space 3072K, 90% used [0x00000000eba00000,0x00000000ebcba8a0,0x00000000ebd00000)
  to   space 2560K, 0% used [0x00000000ebd00000,0x00000000ebd00000,0x00000000ebf80000)
 ParOldGen       total 181760K, used 181361K [0x00000000c0000000, 0x00000000cb180000, 0x00000000eab00000)
  object space 181760K, 99% used [0x00000000c0000000,0x00000000cb11c480,0x00000000cb180000)
 Metaspace       used 55897K, committed 57152K, reserved 1114112K
  class space    used 6253K, committed 6784K, reserved 1048576K
}
Event: 11.770 GC heap after
{Heap after GC invocations=84 (full 2):
 PSYoungGen      total 15360K, used 2538K [0x00000000eab00000, 0x00000000ec400000, 0x0000000100000000)
  eden space 12800K, 0% used [0x00000000eab00000,0x00000000eab00000,0x00000000eb780000)
  from space 2560K, 99% used [0x00000000ebd00000,0x00000000ebf7a958,0x00000000ebf80000)
  to   space 5632K, 0% used [0x00000000eb780000,0x00000000eb780000,0x00000000ebd00000)
 ParOldGen       total 184320K, used 184017K [0x00000000c0000000, 0x00000000cb400000, 0x00000000eab00000)
  object space 184320K, 99% used [0x00000000c0000000,0x00000000cb3b4540,0x00000000cb400000)
 Metaspace       used 55897K, committed 57152K, reserved 1114112K
  class space    used 6253K, committed 6784K, reserved 1048576K
}

